<?xml version="1.0" encoding="UTF-8" ?>
<testsuite tests="14" failures="0" name="org.w3cloud.orm.datastax.NoCqlTest" time="1.497" errors="0" skipped="0">
  <properties>
[...]
</properties>
  <testcase classname="org.w3cloud.orm.datastax.NoCqlTest" name="testAutoGenUuid" time="0.066"/>
  <testcase classname="org.w3cloud.orm.datastax.NoCqlTest" name="testJavaTypeToCqlTypePassInvalidType" time="0.001"/>
  <testcase classname="org.w3cloud.orm.datastax.NoCqlTest" name="testBuildUpdateCql" time="0.003"/>
  <testcase classname="org.w3cloud.orm.datastax.NoCqlTest" name="testCamelCaseToUnderScore" time="0"/>
  <testcase classname="org.w3cloud.orm.datastax.NoCqlTest" name="testBuildUpdateSetList" time="0.001"/>
  <testcase classname="org.w3cloud.orm.datastax.NoCqlTest" name="testBuildUpdateWhereList" time="0"/>
  <testcase classname="org.w3cloud.orm.datastax.NoCqlTest" name="testJavaTypeToCqlType" time="0.001"/>
  <testcase classname="org.w3cloud.orm.datastax.NoCqlTest" name="testCreateSession1" time="0"/>
  <testcase classname="org.w3cloud.orm.datastax.NoCqlTest" name="testCreateSession2" time="0.513"/>
  <testcase classname="org.w3cloud.orm.datastax.NoCqlTest" name="testCreateSession3" time="0.825"/>
  <testcase classname="org.w3cloud.orm.datastax.NoCqlTest" name="testCreateSession4" time="0.079"/>
  <testcase classname="org.w3cloud.orm.datastax.NoCqlTest" name="testBuildFieldList1" time="0.001"/>
  <testcase classname="org.w3cloud.orm.datastax.NoCqlTest" name="testBuildFieldList2" time="0.004"/>
  <testcase classname="org.w3cloud.orm.datastax.NoCqlTest" name="testBuildIndexCqls1" time="0.003"/>
</testsuite>