<?xml version="1.0" encoding="UTF-8" ?>
<testsuite tests="23" failures="0" name="org.w3cloud.jom.datastax.CqlEmTest" time="19.579" errors="0" skipped="0">
  <properties>
[...]
</properties>
  <testcase classname="org.w3cloud.jom.datastax.CqlEmTest" name="testStatementFindAllWithFilter" time="0.098"/>
  <testcase classname="org.w3cloud.jom.datastax.CqlEmTest" name="testDeleteByKey" time="0.015"/>
  <testcase classname="org.w3cloud.jom.datastax.CqlEmTest" name="testOrderBy" time="0.015"/>
  <testcase classname="org.w3cloud.jom.datastax.CqlEmTest" name="testIfTableExists" time="0.005"/>
  <testcase classname="org.w3cloud.jom.datastax.CqlEmTest" name="testExtTableIndex" time="0.039"/>
  <testcase classname="org.w3cloud.jom.datastax.CqlEmTest" name="testUpdateEnc1" time="0.092"/>
  <testcase classname="org.w3cloud.jom.datastax.CqlEmTest" name="testStoreAsJsonShouldAllowNulls" time="0.006"/>
  <testcase classname="org.w3cloud.jom.datastax.CqlEmTest" name="testBatchUpdate" time="0.014"/>
  <testcase classname="org.w3cloud.jom.datastax.CqlEmTest" name="testUpdate1" time="0.016"/>
  <testcase classname="org.w3cloud.jom.datastax.CqlEmTest" name="testUpdate2" time="0.01"/>
  <testcase classname="org.w3cloud.jom.datastax.CqlEmTest" name="testStatementDelete" time="0.013"/>
  <testcase classname="org.w3cloud.jom.datastax.CqlEmTest" name="testStatementUpdate" time="0.008"/>
  <testcase classname="org.w3cloud.jom.datastax.CqlEmTest" name="testExtTableIndexSet" time="0.032"/>
  <testcase classname="org.w3cloud.jom.datastax.CqlEmTest" name="testAnotherKeyspace" time="19.149"/>
  <testcase classname="org.w3cloud.jom.datastax.CqlEmTest" name="testInsertEnc1" time="0.02"/>
  <testcase classname="org.w3cloud.jom.datastax.CqlEmTest" name="testInsertEnc2" time="0.006"/>
  <testcase classname="org.w3cloud.jom.datastax.CqlEmTest" name="testIfColumnExists" time="0.004"/>
  <testcase classname="org.w3cloud.jom.datastax.CqlEmTest" name="testStatementFindAll" time="0.008"/>
  <testcase classname="org.w3cloud.jom.datastax.CqlEmTest" name="testStatementFindOne" time="0.006"/>
  <testcase classname="org.w3cloud.jom.datastax.CqlEmTest" name="testIssue1" time="0.006"/>
  <testcase classname="org.w3cloud.jom.datastax.CqlEmTest" name="testInsert1" time="0.006"/>
  <testcase classname="org.w3cloud.jom.datastax.CqlEmTest" name="testInsert2" time="0.006"/>
  <testcase classname="org.w3cloud.jom.datastax.CqlEmTest" name="testCounterTest" time="0.005"/>
</testsuite>